2026-02-28 22:07:07,296 | INFO | 🛰️ PREDATOR Autopush Daemon (Polling Mode) STARTED
2026-02-28 22:07:07,297 | INFO | Watching: /Users/dima-mac/Documents/Predator_21 every 30s
2026-02-28 22:07:07,413 | INFO | 🚀 Changes detected. Initiating Autocommit & Autopush...
hint: The '.git/hooks/pre-commit' hook was ignored because it's not set as executable.
hint: You can disable this warning with `git config set advice.ignoredHook false`.
[main 08726517] 🔄 Autocommit: Changes detected at 2026-02-28 22:07:07
 1 file changed, 3 insertions(+), 75 deletions(-)
To https://github.com/dima1203oleg/predator-analytics.git
   c017e909..08726517  main -> main
2026-02-28 22:07:08,409 | INFO | ✅ Successfully pushed to GitHub.
2026-02-28 22:07:08,513 | INFO | 🚀 Changes detected. Initiating Autocommit & Autopush...
hint: The '.git/hooks/pre-commit' hook was ignored because it's not set as executable.
hint: You can disable this warning with `git config set advice.ignoredHook false`.
[main e118ecb0] 🔄 Autocommit: Changes detected at 2026-02-28 22:07:08
 1 file changed, 10 insertions(+)
To https://github.com/dima1203oleg/predator-analytics.git
   08726517..e118ecb0  main -> main
2026-02-28 22:07:09,472 | INFO | ✅ Successfully pushed to GitHub.
2026-02-28 22:07:39,966 | INFO | 🚀 Changes detected. Initiating Autocommit & Autopush...
hint: The '.git/hooks/pre-commit' hook was ignored because it's not set as executable.
hint: You can disable this warning with `git config set advice.ignoredHook false`.
[main 77684d75] 🔄 Autocommit: Changes detected at 2026-02-28 22:07:40
 1 file changed, 10 insertions(+)
To https://github.com/dima1203oleg/predator-analytics.git
   e118ecb0..77684d75  main -> main
2026-02-28 22:07:41,193 | INFO | ✅ Successfully pushed to GitHub.
2026-02-28 22:08:11,332 | INFO | 🚀 Changes detected. Initiating Autocommit & Autopush...
hint: The '.git/hooks/pre-commit' hook was ignored because it's not set as executable.
hint: You can disable this warning with `git config set advice.ignoredHook false`.
[main 98e4a685] 🔄 Autocommit: Changes detected at 2026-02-28 22:08:11
 1 file changed, 10 insertions(+)
To https://github.com/dima1203oleg/predator-analytics.git
   77684d75..98e4a685  main -> main
2026-02-28 22:08:12,356 | INFO | ✅ Successfully pushed to GitHub.
2026-02-28 22:08:42,526 | INFO | 🚀 Changes detected. Initiating Autocommit & Autopush...
hint: The '.git/hooks/pre-commit' hook was ignored because it's not set as executable.
hint: You can disable this warning with `git config set advice.ignoredHook false`.
[main ceeb386d] 🔄 Autocommit: Changes detected at 2026-02-28 22:08:42
 1 file changed, 10 insertions(+)
To https://github.com/dima1203oleg/predator-analytics.git
   98e4a685..ceeb386d  main -> main
2026-02-28 22:08:43,541 | INFO | ✅ Successfully pushed to GitHub.
2026-02-28 22:09:13,700 | INFO | 🚀 Changes detected. Initiating Autocommit & Autopush...
hint: The '.git/hooks/pre-commit' hook was ignored because it's not set as executable.
hint: You can disable this warning with `git config set advice.ignoredHook false`.
[main 894cb001] 🔄 Autocommit: Changes detected at 2026-02-28 22:09:13
 1 file changed, 10 insertions(+)
To https://github.com/dima1203oleg/predator-analytics.git
   ceeb386d..894cb001  main -> main
2026-02-28 22:09:14,883 | INFO | ✅ Successfully pushed to GitHub.
2026-02-28 22:09:45,950 | INFO | 🚀 Changes detected. Initiating Autocommit & Autopush...
hint: The '.git/hooks/pre-commit' hook was ignored because it's not set as executable.
hint: You can disable this warning with `git config set advice.ignoredHook false`.
[main 22f922fd] 🔄 Autocommit: Changes detected at 2026-02-28 22:09:46
 1 file changed, 10 insertions(+)
To https://github.com/dima1203oleg/predator-analytics.git
   894cb001..22f922fd  main -> main
2026-02-28 22:09:47,229 | INFO | ✅ Successfully pushed to GitHub.
2026-02-28 22:10:17,486 | INFO | 🚀 Changes detected. Initiating Autocommit & Autopush...
hint: The '.git/hooks/pre-commit' hook was ignored because it's not set as executable.
hint: You can disable this warning with `git config set advice.ignoredHook false`.
[main 795a738d] 🔄 Autocommit: Changes detected at 2026-02-28 22:10:17
 1 file changed, 10 insertions(+)
To https://github.com/dima1203oleg/predator-analytics.git
   22f922fd..795a738d  main -> main
2026-02-28 22:10:18,842 | INFO | ✅ Successfully pushed to GitHub.
2026-02-28 22:10:48,971 | INFO | 🚀 Changes detected. Initiating Autocommit & Autopush...
hint: The '.git/hooks/pre-commit' hook was ignored because it's not set as executable.
hint: You can disable this warning with `git config set advice.ignoredHook false`.
[main ecba5bd9] 🔄 Autocommit: Changes detected at 2026-02-28 22:10:49
 1 file changed, 10 insertions(+)
To https://github.com/dima1203oleg/predator-analytics.git
   795a738d..ecba5bd9  main -> main
2026-02-28 22:10:50,093 | INFO | ✅ Successfully pushed to GitHub.
2026-02-28 22:11:20,256 | INFO | 🚀 Changes detected. Initiating Autocommit & Autopush...
hint: The '.git/hooks/pre-commit' hook was ignored because it's not set as executable.
hint: You can disable this warning with `git config set advice.ignoredHook false`.
[main f03c1474] 🔄 Autocommit: Changes detected at 2026-02-28 22:11:20
 1 file changed, 10 insertions(+)
To https://github.com/dima1203oleg/predator-analytics.git
   ecba5bd9..f03c1474  main -> main
2026-02-28 22:11:21,293 | INFO | ✅ Successfully pushed to GitHub.
2026-02-28 22:11:51,787 | INFO | 🚀 Changes detected. Initiating Autocommit & Autopush...
hint: The '.git/hooks/pre-commit' hook was ignored because it's not set as executable.
hint: You can disable this warning with `git config set advice.ignoredHook false`.
[main 8c69f9a0] 🔄 Autocommit: Changes detected at 2026-02-28 22:11:51
 1 file changed, 10 insertions(+)
To https://github.com/dima1203oleg/predator-analytics.git
   f03c1474..8c69f9a0  main -> main
2026-02-28 22:11:53,197 | INFO | ✅ Successfully pushed to GitHub.
2026-02-28 22:12:23,798 | INFO | 🚀 Changes detected. Initiating Autocommit & Autopush...
hint: The '.git/hooks/pre-commit' hook was ignored because it's not set as executable.
hint: You can disable this warning with `git config set advice.ignoredHook false`.
[main 89b76116] 🔄 Autocommit: Changes detected at 2026-02-28 22:12:24
 1 file changed, 10 insertions(+)
To https://github.com/dima1203oleg/predator-analytics.git
   8c69f9a0..89b76116  main -> main
2026-02-28 22:12:26,461 | INFO | ✅ Successfully pushed to GitHub.
2026-02-28 22:12:56,765 | INFO | 🚀 Changes detected. Initiating Autocommit & Autopush...
hint: The '.git/hooks/pre-commit' hook was ignored because it's not set as executable.
hint: You can disable this warning with `git config set advice.ignoredHook false`.
[main 8f1e2b54] 🔄 Autocommit: Changes detected at 2026-02-28 22:12:57
 1 file changed, 10 insertions(+)
To https://github.com/dima1203oleg/predator-analytics.git
   89b76116..8f1e2b54  main -> main
2026-02-28 22:12:58,158 | INFO | ✅ Successfully pushed to GitHub.
2026-02-28 22:13:28,693 | INFO | 🚀 Changes detected. Initiating Autocommit & Autopush...
hint: The '.git/hooks/pre-commit' hook was ignored because it's not set as executable.
hint: You can disable this warning with `git config set advice.ignoredHook false`.
[main 968a5098] 🔄 Autocommit: Changes detected at 2026-02-28 22:13:29
 1 file changed, 10 insertions(+)
To https://github.com/dima1203oleg/predator-analytics.git
   8f1e2b54..968a5098  main -> main
2026-02-28 22:13:30,373 | INFO | ✅ Successfully pushed to GitHub.
2026-02-28 22:14:00,545 | INFO | 🚀 Changes detected. Initiating Autocommit & Autopush...
hint: The '.git/hooks/pre-commit' hook was ignored because it's not set as executable.
hint: You can disable this warning with `git config set advice.ignoredHook false`.
[main 9a43b744] 🔄 Autocommit: Changes detected at 2026-02-28 22:14:00
 1 file changed, 10 insertions(+)
To https://github.com/dima1203oleg/predator-analytics.git
   968a5098..9a43b744  main -> main
2026-02-28 22:14:01,601 | INFO | ✅ Successfully pushed to GitHub.
2026-02-28 22:14:31,844 | INFO | 🚀 Changes detected. Initiating Autocommit & Autopush...
hint: The '.git/hooks/pre-commit' hook was ignored because it's not set as executable.
hint: You can disable this warning with `git config set advice.ignoredHook false`.
[main 927be721] 🔄 Autocommit: Changes detected at 2026-02-28 22:14:31
 1 file changed, 10 insertions(+)
To https://github.com/dima1203oleg/predator-analytics.git
   9a43b744..927be721  main -> main
2026-02-28 22:14:33,041 | INFO | ✅ Successfully pushed to GitHub.
2026-02-28 22:15:03,223 | INFO | 🚀 Changes detected. Initiating Autocommit & Autopush...
